#
# There is insufficient memory for the Java Runtime Environment to continue.
# Native memory allocation (malloc) failed to allocate 1048576 bytes for AllocateHeap
# Possible reasons:
#   The system is out of physical RAM or swap space
#   In 32 bit mode, the process size limit was hit
# Possible solutions:
#   Reduce memory load on the system
#   Increase physical memory or swap space
#   Check if swap backing store is full
#   Use 64 bit Java on a 64 bit OS
#   Decrease Java heap size (-Xmx/-Xms)
#   Decrease number of Java threads
#   Decrease Java thread stack sizes (-Xss)
#   Set larger code cache with -XX:ReservedCodeCacheSize=
# This output file may be truncated or incomplete.
#
#  Out of Memory Error (memory/allocation.inline.hpp:61), pid=17216, tid=0x0000000000006794
#
# JRE version:  (8.0_191-b12) (build )
# Java VM: Java HotSpot(TM) 64-Bit Server VM (25.191-b12 mixed mode windows-amd64 compressed oops)
# Failed to write core dump. Minidumps are not enabled by default on client versions of Windows
#

---------------  T H R E A D  ---------------

Current thread (0x0000000002524000):  JavaThread "Unknown thread" [_thread_in_vm, id=26516, stack(0x0000000002420000,0x0000000002520000)]

Stack: [0x0000000002420000,0x0000000002520000]
[error occurred during error reporting (printing stack bounds), id 0xc0000005]

Native frames: (J=compiled Java code, j=interpreted, Vv=VM code, C=native code)


---------------  P R O C E S S  ---------------

Java Threads: ( => current thread )

Other Threads:

=>0x0000000002524000 (exited) JavaThread "Unknown thread" [_thread_in_vm, id=26516, stack(0x0000000002420000,0x0000000002520000)]

VM state:not at safepoint (normal execution)

VM Mutex/Monitor currently owned by a thread: None

Heap:
 PSYoungGen      total 73728K, used 1269K [0x000000076e100000, 0x0000000773300000, 0x00000007c0000000)
  eden space 63488K, 2% used [0x000000076e100000,0x000000076e23d718,0x0000000771f00000)
  from space 10240K, 0% used [0x0000000772900000,0x0000000772900000,0x0000000773300000)
  to   space 10240K, 0% used [0x0000000771f00000,0x0000000771f00000,0x0000000772900000)
 ParOldGen       total 167936K, used 0K [0x00000006ca200000, 0x00000006d4600000, 0x000000076e100000)
  object space 167936K, 0% used [0x00000006ca200000,0x00000006ca200000,0x00000006d4600000)
 Metaspace       used 775K, capacity 4480K, committed 4480K, reserved 1056768K
  class space    used 76K, capacity 384K, committed 384K, reserved 1048576K

Card table byte_map: [0x00000000119e0000,0x0000000012190000] byte_map_base: 0x000000000e38f000

Marking Bits: (ParMarkBitMap*) 0x00000000599b3e30
 Begin Bits: [0x0000000012eb0000, 0x0000000016c28000)
 End Bits:   [0x0000000016c28000, 0x000000001a9a0000)

Polling page: 0x0000000000bd0000

CodeCache: size=245760Kb used=327Kb max_used=327Kb free=245432Kb
 bounds [0x0000000002620000, 0x0000000002890000, 0x0000000011620000]
 total_blobs=57 nmethods=0 adapters=38
 compilation: enabled

Compilation events (0 events):
No events

GC Heap History (0 events):
No events

Deoptimization events (0 events):
No events

Classes redefined (0 events):
No events

Internal exceptions (0 events):
No events

Events (10 events):
Event: 0.031 loading class java/lang/Short
Event: 0.031 loading class java/lang/Short done
Event: 0.031 loading class java/lang/Integer
Event: 0.032 loading class java/lang/Integer done
Event: 0.032 loading class java/lang/Long
Event: 0.032 loading class java/lang/Long done
Event: 0.033 loading class java/lang/NullPointerException
Event: 0.033 loading class java/lang/NullPointerException done
Event: 0.033 loading class java/lang/ArithmeticException
Event: 0.033 loading class java/lang/ArithmeticException done


Dynamic libraries:
0x00007ff752e40000 - 0x00007ff752e77000 	C:\Program Files\Java\jdk1.8.0_191\bin\java.exe
0x00007ff890370000 - 0x00007ff890587000 	C:\WINDOWS\SYSTEM32\ntdll.dll
0x00007ff854580000 - 0x00007ff85459a000 	C:\Program Files\Avast Software\Avast\aswhook.dll
0x00007ff88e150000 - 0x00007ff88e214000 	C:\WINDOWS\System32\KERNEL32.DLL
0x00007ff88d680000 - 0x00007ff88da37000 	C:\WINDOWS\System32\KERNELBASE.dll
0x00007ff88f210000 - 0x00007ff88f2c2000 	C:\WINDOWS\System32\ADVAPI32.dll
0x00007ff88ec50000 - 0x00007ff88ecf7000 	C:\WINDOWS\System32\msvcrt.dll
0x00007ff88e0a0000 - 0x00007ff88e148000 	C:\WINDOWS\System32\sechost.dll
0x00007ff88dd30000 - 0x00007ff88dd58000 	C:\WINDOWS\System32\bcrypt.dll
0x00007ff88ee60000 - 0x00007ff88ef74000 	C:\WINDOWS\System32\RPCRT4.dll
0x00007ff890170000 - 0x00007ff89031f000 	C:\WINDOWS\System32\USER32.dll
0x00007ff88ded0000 - 0x00007ff88def6000 	C:\WINDOWS\System32\win32u.dll
0x00007ff88efa0000 - 0x00007ff88efc9000 	C:\WINDOWS\System32\GDI32.dll
0x00007ff88dab0000 - 0x00007ff88dbc8000 	C:\WINDOWS\System32\gdi32full.dll
0x00007ff88dbd0000 - 0x00007ff88dc6a000 	C:\WINDOWS\System32\msvcp_win.dll
0x00007ff88df00000 - 0x00007ff88e011000 	C:\WINDOWS\System32\ucrtbase.dll
0x00007ff8602f0000 - 0x00007ff860583000 	C:\WINDOWS\WinSxS\amd64_microsoft.windows.common-controls_6595b64144ccf1df_6.0.22621.3672_none_2713b9d173822955\COMCTL32.dll
0x00007ff88f2d0000 - 0x00007ff88f301000 	C:\WINDOWS\System32\IMM32.DLL
0x00000000590b0000 - 0x0000000059182000 	C:\Program Files\Java\jdk1.8.0_191\jre\bin\msvcr100.dll
0x0000000059190000 - 0x0000000059a34000 	C:\Program Files\Java\jdk1.8.0_191\jre\bin\server\jvm.dll
0x00007ff88f8d0000 - 0x00007ff88f8d8000 	C:\WINDOWS\System32\PSAPI.DLL
0x00007ff8880e0000 - 0x00007ff888114000 	C:\WINDOWS\SYSTEM32\WINMM.dll
0x00007ff87bcd0000 - 0x00007ff87bcd9000 	C:\WINDOWS\SYSTEM32\WSOCK32.dll
0x00007ff88ff30000 - 0x00007ff88ffa1000 	C:\WINDOWS\System32\WS2_32.dll
0x00007ff882a20000 - 0x00007ff882a2a000 	C:\WINDOWS\SYSTEM32\VERSION.dll
0x0000000059060000 - 0x000000005906f000 	C:\Program Files\Java\jdk1.8.0_191\jre\bin\verify.dll
0x0000000059030000 - 0x0000000059059000 	C:\Program Files\Java\jdk1.8.0_191\jre\bin\java.dll
0x0000000059010000 - 0x0000000059026000 	C:\Program Files\Java\jdk1.8.0_191\jre\bin\zip.dll

VM Arguments:
jvm_args: -Dfile.encoding=UTF-8 
java_command: ma.projet.test.Test
java_class_path (initial): C:\Users\Lenovo\Documents\NetBeansProjects\exercice31\lib\hibernate4-persistence\antlr-2.7.7.jar;C:\Users\Lenovo\Documents\NetBeansProjects\exercice31\lib\hibernate4-persistence\c3p0-0.9.2.1.jar;C:\Users\Lenovo\Documents\NetBeansProjects\exercice31\lib\hibernate4-persistence\hibernate-c3p0-4.3.1.Final.jar;C:\Users\Lenovo\Documents\NetBeansProjects\exercice31\lib\hibernate4-persistence\mchange-commons-java-0.2.3.4.jar;C:\Users\Lenovo\Documents\NetBeansProjects\exercice31\lib\hibernate4-persistence\dom4j-1.6.1.jar;C:\Users\Lenovo\Documents\NetBeansProjects\exercice31\lib\hibernate4-persistence\ehcache-core-2.4.3.jar;C:\Users\Lenovo\Documents\NetBeansProjects\exercice31\lib\hibernate4-persistence\hibernate-ehcache-4.3.1.Final.jar;C:\Users\Lenovo\Documents\NetBeansProjects\exercice31\lib\hibernate4-persistence\hibernate-core-4.3.1.Final.jar;C:\Users\Lenovo\Documents\NetBeansProjects\exercice31\lib\hibernate4-persistence\jboss-logging-3.1.3.GA.jar;C:\Users\Lenovo\Documents\NetBeansProjects\exercice31\lib\hibernate4-persistence\hibernate-commons-annotations-4.0.4.Final.jar;C:\Users\Lenovo\Documents\NetBeansProjects\exercice31\lib\hibernate4-persistence\hibernate-entitymanager-4.3.1.Final.jar;C:\Users\Lenovo\Documents\NetBeansProjects\exercice31\lib\hibernate4-persistence\javassist-3.18.1-GA.jar;C:\Users\Lenovo\Documents\NetBeansProjects\exercice31\lib\hibernate4-persistence\jboss-transaction-api_1.2_spec-1.0.0.Final.jar;C:\Users\Lenovo\Documents\NetBeansProjects\exercice31\lib\hibernate4-persistence\slf4j-api-1.6.1.jar;C:\Users\Lenovo\Documents\NetBeansProjects\exercice31\lib\hibernate4-persistence\slf4j-simple-1.6.1.jar;C:\Users\Lenovo\Documents\NetBeansProjects\exercice31\lib\hibernate4-persistence\hibernate-jpa-2.1-api-1.0.0.Final.jar;C:\Users\Lenovo\Documents\NetBeansProjects\exercice31\lib\MySQLDriver\mysql-connector-java-5.1.23-bin.jar;C:\Users\Lenovo\Documents\NetBeansProjects\exercice31\lib\hibernate4-support\antlr-2.7.7.jar;C:\Users\L
Launcher Type: SUN_STANDARD

Environment Variables:
JAVA_HOME=C:\Program Files\Java\jdk-20\lib
USERNAME=Lenovo
OS=Windows_NT
PROCESSOR_IDENTIFIER=AMD64 Family 23 Model 96 Stepping 1, AuthenticAMD



---------------  S Y S T E M  ---------------

OS: Windows 10.0 , 64 bit Build 22621 (10.0.22621.3958)

CPU:total 8 (initial active 8) (8 cores per cpu, 1 threads per core) family 23 model 96 stepping 1, cmov, cx8, fxsr, mmx, sse, sse2, sse3, ssse3, sse4.1, sse4.2, popcnt, avx, avx2, aes, clmul, mmxext, 3dnowpref, lzcnt, sse4a, tsc, tscinvbit, tscinv, bmi1

Memory: 4k page, physical 16112436k(3994496k free), swap 22156080k(5820k free)

vm_info: Java HotSpot(TM) 64-Bit Server VM (25.191-b12) for windows-amd64 JRE (1.8.0_191-b12), built on Oct  6 2018 09:29:03 by "java_re" with MS VC++ 10.0 (VS2010)

time: Sun Oct 13 13:36:54 2024
elapsed time: 0 seconds (0d 0h 0m 0s)

